<?xml version="1.0" encoding="UTF-8"?>
<testng-results ignored="0" total="1" passed="1" failed="0" skipped="0">
  <reporter-output>
    <line>
      <![CDATA[Open URL : https://www.saucedemo.com/inventory.html</br>]]>
    </line>
    <line>
      <![CDATA[Do login with valid username and password.</br>]]>
    </line>
    <line>
      <![CDATA[Open URL : https://www.saucedemo.com/inventory.html</br>]]>
    </line>
    <line>
      <![CDATA[click on side menu.</br>]]>
    </line>
    <line>
      <![CDATA[clicked on right arrow</br>]]>
    </line>
    <line>
      <![CDATA[clicked on about</br>]]>
    </line>
    <line>
      <![CDATA[clicked</br>]]>
    </line>
    <line>
      <![CDATA[<Strong><b>Do_clickonsidemenu is passed.</b></font></strong></br>]]>
    </line>
  </reporter-output>
  <suite started-at="2022-07-11T12:46:15 IST" name="akami" finished-at="2022-07-11T12:46:39 IST" duration-ms="23597">
    <groups>
    </groups>
    <test started-at="2022-07-11T12:46:15 IST" name="Do_clickonsidemenu" finished-at="2022-07-11T12:46:39 IST" duration-ms="23597">
      <class name="com.akami.test.TestIndex">
        <test-method is-config="true" signature="fetchSuite(org.testng.ITestContext)[pri:0, instance:com.akami.test.TestIndex@42463763]" started-at="2022-07-11T12:46:15 IST" name="fetchSuite" finished-at="2022-07-11T12:46:15 IST" duration-ms="16" status="PASS">
          <params>
            <param index="0">
              <value>
                <![CDATA[org.testng.TestRunner@2b9b7f1f]]>
              </value>
            </param>
          </params>
          <reporter-output>
          </reporter-output>
        </test-method> <!-- fetchSuite -->
        <test-method is-config="true" signature="fetchSuiteConfiguration(org.testng.ITestContext)[pri:0, instance:com.akami.test.TestIndex@42463763]" started-at="2022-07-11T12:46:15 IST" name="fetchSuiteConfiguration" finished-at="2022-07-11T12:46:15 IST" duration-ms="0" status="PASS">
          <params>
            <param index="0">
              <value>
                <![CDATA[org.testng.TestRunner@2b9b7f1f]]>
              </value>
            </param>
          </params>
          <reporter-output>
          </reporter-output>
        </test-method> <!-- fetchSuiteConfiguration -->
        <test-method is-config="true" signature="setUp(java.lang.String,java.lang.String,java.lang.String,java.lang.String,java.lang.reflect.Method,org.testng.ITestContext,org.testng.ITestResult)[pri:0, instance:com.akami.test.TestIndex@42463763]" started-at="2022-07-11T12:46:15 IST" name="setUp" finished-at="2022-07-11T12:46:20 IST" duration-ms="5194" status="PASS">
          <params>
            <param index="0">
              <value>
                <![CDATA[parallel.conf.json]]>
              </value>
            </param>
            <param index="1">
              <value>
                <![CDATA[env3]]>
              </value>
            </param>
            <param index="2">
              <value>
                <![CDATA[standard_user]]>
              </value>
            </param>
            <param index="3">
              <value>
                <![CDATA[secret_sauce]]>
              </value>
            </param>
            <param index="4">
              <value>
                <![CDATA[public void com.akami.test.TestIndex.sideMenu() throws java.io.IOException,java.awt.AWTException]]>
              </value>
            </param>
            <param index="5">
              <value>
                <![CDATA[org.testng.TestRunner@2b9b7f1f]]>
              </value>
            </param>
            <param index="6">
              <value>
                <![CDATA[[TestResult name={null} status=CREATED method=TestIndex.sideMenu()[pri:0, instance:com.akami.test.TestIndex@42463763] output={null}]]]>
              </value>
            </param>
          </params>
          <reporter-output>
            <line>
              <![CDATA[Open URL : https://www.saucedemo.com/inventory.html</br>]]>
            </line>
            <line>
              <![CDATA[Do login with valid username and password.</br>]]>
            </line>
          </reporter-output>
        </test-method> <!-- setUp -->
        <test-method signature="sideMenu()[pri:0, instance:com.akami.test.TestIndex@42463763]" started-at="2022-07-11T12:46:20 IST" name="sideMenu" finished-at="2022-07-11T12:46:39 IST" duration-ms="18104" status="PASS">
          <reporter-output>
            <line>
              <![CDATA[Open URL : https://www.saucedemo.com/inventory.html</br>]]>
            </line>
            <line>
              <![CDATA[click on side menu.</br>]]>
            </line>
            <line>
              <![CDATA[clicked on right arrow</br>]]>
            </line>
            <line>
              <![CDATA[clicked on about</br>]]>
            </line>
            <line>
              <![CDATA[clicked</br>]]>
            </line>
            <line>
              <![CDATA[<Strong><b>Do_clickonsidemenu is passed.</b></font></strong></br>]]>
            </line>
          </reporter-output>
        </test-method> <!-- sideMenu -->
        <test-method is-config="true" signature="tearDown(org.testng.ITestResult,org.testng.ITestContext)[pri:0, instance:com.akami.test.TestIndex@42463763]" started-at="2022-07-11T12:46:39 IST" name="tearDown" finished-at="2022-07-11T12:46:39 IST" duration-ms="265" status="PASS">
          <params>
            <param index="0">
              <value>
                <![CDATA[[TestResult name=sideMenu status=SUCCESS method=TestIndex.sideMenu()[pri:0, instance:com.akami.test.TestIndex@42463763] output=Open URL : https://www.saucedemo.com/inventory.html</br>]]]>
              </value>
            </param>
            <param index="1">
              <value>
                <![CDATA[org.testng.TestRunner@2b9b7f1f]]>
              </value>
            </param>
          </params>
          <reporter-output>
          </reporter-output>
        </test-method> <!-- tearDown -->
        <test-method is-config="true" signature="postConfigue()[pri:0, instance:com.akami.test.TestIndex@42463763]" started-at="2022-07-11T12:46:39 IST" name="postConfigue" finished-at="2022-07-11T12:46:39 IST" duration-ms="0" status="PASS">
          <reporter-output>
          </reporter-output>
        </test-method> <!-- postConfigue -->
      </class> <!-- com.akami.test.TestIndex -->
    </test> <!-- Do_clickonsidemenu -->
  </suite> <!-- akami -->
</testng-results>
